Running: /opt/Xilinx/14.7/ISE_DS/ISE/bin/lin64/unwrapped/fuse -intstyle ise -incremental -o /home/ise/projeto2/n_bit_d_tb_isim_beh.exe -prj /home/ise/projeto2/n_bit_d_tb_beh.prj work.n_bit_d_tb 
ISim P.20131013 (signature 0xfbc00daa)
Number of CPUs detected in this system: 1
Turning on mult-threading, number of parallel sub-compilation jobs: 0 
Determining compilation order of HDL files
Parsing VHDL file "/home/ise/projeto2/projeto2.vhd" into library work
Parsing VHDL file "/home/ise/projeto2/projeto2_tb.vhd" into library work
Starting static elaboration
Completed static elaboration
Fuse Memory Usage: 96832 KB
Fuse CPU Usage: 860 ms
Compiling package standard
Compiling package std_logic_1164
Compiling package numeric_std
Compiling architecture n_bit_d_fg of entity n_bit_d [n_bit_d_default]
Compiling architecture n_bit_d_tb of entity n_bit_d_tb
Time Resolution for simulation is 1ps.
Compiled 6 VHDL Units
Built simulation executable /home/ise/projeto2/n_bit_d_tb_isim_beh.exe
Fuse Memory Usage: 111472 KB
Fuse CPU Usage: 1020 ms
GCC CPU Usage: 250 ms
