Command line:
   n_bit_d_isim_beh.exe
     -simmode  gui
     -simrunnum  0
     -socket  58418

Sat Oct  4 20:51:02 2025


 Elaboration Time: 0.07 sec

 Current Memory Usage: 221.884 Meg

 Total Signals          : 2
 Total Nets             : 6
 Total Signal Drivers   : 4
 Total Blocks           : 7
 Total Primitive Blocks : 6
 Total Processes        : 4
 Total Traceable Variables  : 18
 Total Scalar Nets and Variables : 494
Total Line Count : 1

 Total Simulation Time: 0.07 sec

 Current Memory Usage: 299.483 Meg

Sat Oct  4 20:51:12 2025

