Running: /opt/Xilinx/14.7/ISE_DS/ISE/bin/lin64/unwrapped/fuse -relaunch -intstyle "ise" -incremental -o "/home/ise/cron_basq/cron_basq_PI_tb_isim_beh.exe" -prj "/home/ise/cron_basq/cron_basq_PI_tb_beh.prj" "work.cron_basq_PI_tb" 
ISim P.20131013 (signature 0xfbc00daa)
Number of CPUs detected in this system: 1
Turning on mult-threading, number of parallel sub-compilation jobs: 0 
Determining compilation order of HDL files
Parsing VHDL file "/home/ise/cron_basq/t3.vhd" into library work
Parsing VHDL file "/home/ise/cron_basq/cron_basq_tb.vhd" into library work
Starting static elaboration
Completed static elaboration
Fuse Memory Usage: 96836 KB
Fuse CPU Usage: 550 ms
Compiling package standard
Compiling package std_logic_1164
Compiling package numeric_std
Compiling architecture cron_basq_pi of entity cron_basq_PI [\cron_basq_PI(50)\]
Compiling architecture cron_basq_pi_tb of entity cron_basq_pi_tb
Time Resolution for simulation is 1ps.
Compiled 6 VHDL Units
Built simulation executable /home/ise/cron_basq/cron_basq_PI_tb_isim_beh.exe
Fuse Memory Usage: 111668 KB
Fuse CPU Usage: 650 ms
GCC CPU Usage: 150 ms
