Command line:
   transmissor_tb_isim_beh.exe
     -simmode  gui
     -simrunnum  0
     -socket  33897

Mon Oct  6 15:11:10 2025


 Elaboration Time: 0.05 sec

 Current Memory Usage: 221.778 Meg

 Total Signals          : 14
 Total Nets             : 15
 Total Signal Drivers   : 8
 Total Blocks           : 3
 Total Primitive Blocks : 2
 Total Processes        : 7
 Total Traceable Variables  : 8
 Total Scalar Nets and Variables : 375
Total Line Count : 33

 Total Simulation Time: 0.08 sec

 Current Memory Usage: 299.377 Meg

Mon Oct  6 16:31:16 2025

