Running: /opt/Xilinx/14.7/ISE_DS/ISE/bin/lin64/unwrapped/fuse -intstyle ise -incremental -o /home/ise/projeto3/transmissor_tb_isim_beh.exe -prj /home/ise/projeto3/transmissor_tb_beh.prj work.transmissor_tb 
ISim P.20131013 (signature 0xfbc00daa)
Number of CPUs detected in this system: 1
Turning on mult-threading, number of parallel sub-compilation jobs: 0 
Determining compilation order of HDL files
Parsing VHDL file "/home/ise/projeto3/projeto3.vhd" into library work
Parsing VHDL file "/home/ise/projeto3/projeto3_tb.vhd" into library work
Starting static elaboration
Completed static elaboration
Fuse Memory Usage: 95304 KB
Fuse CPU Usage: 860 ms
Compiling package standard
Compiling package std_logic_1164
Compiling architecture transmissor of entity transmissor [transmissor_default]
Compiling architecture transmissor_tb of entity transmissor_tb
Time Resolution for simulation is 1ps.
Compiled 5 VHDL Units
Built simulation executable /home/ise/projeto3/transmissor_tb_isim_beh.exe
Fuse Memory Usage: 103968 KB
Fuse CPU Usage: 900 ms
GCC CPU Usage: 930 ms
